<?xml version="1.0" encoding="UTF-8"?>
<!-- Generated by org.testng.reporters.JUnitXMLReporter -->
<testsuite hostname="lenovo" ignored="0" name="Default test" tests="1" failures="1" timestamp="01 Mar 2017 23:33:43 GMT" time="49.56" errors="0">
  <testcase name="m1" time="49.475" classname="mq.TestProject.AppTest">
    <failure type="org.openqa.selenium.WebDriverException" message="Unable to connect to host 127.0.0.1 on port 7055 after 45000 ms. Firefox console output:
.&amp;quot;,&amp;quot;creator&amp;quot;:&amp;quot;Mozilla&amp;quot;,&amp;quot;homepageURL&amp;quot;:null,&amp;quot;contributors&amp;quot;:[&amp;quot;Mozilla Contributors&amp;quot;]},&amp;quot;visible&amp;quot;:true,&amp;quot;active&amp;quot;:true,&amp;quot;userDisabled&amp;quot;:false,&amp;quot;appDisabled&amp;quot;:false,&amp;quot;descriptor&amp;quot;:&amp;quot;C:\\Program Files\\Mozilla Firefox\\browser\\extensions\\{972ce4c6-7e08-4474-a285-3208198ce6fd}&amp;quot;,&amp;quot;installDate&amp;quot;:1488408725187,&amp;quot;updateDate&amp;quot;:1488408725187,&amp;quot;applyBackgroundUpdates&amp;quot;:1,&amp;quot;skinnable&amp;quot;:true,&amp;quot;size&amp;quot;:24166,&amp;quot;sourceURI&amp;quot;:null,&amp;quot;releaseNotesURI&amp;quot;:null,&amp;quot;softDisabled&amp;quot;:false,&amp;quot;foreignInstall&amp;quot;:false,&amp;quot;hasBinaryComponents&amp;quot;:false,&amp;quot;strictCompatibility&amp;quot;:true,&amp;quot;locales&amp;quot;:[],&amp;quot;targetApplications&amp;quot;:[{&amp;quot;id&amp;quot;:&amp;quot;{ec8030f7-c20a-464f-9b0e-13a3a9e97384}&amp;quot;,&amp;quot;minVersion&amp;quot;:&amp;quot;43.0&amp;quot;,&amp;quot;maxVersion&amp;quot;:&amp;quot;43.0&amp;quot;}],&amp;quot;targetPlatforms&amp;quot;:[]}
1488411179324	addons.xpi	DEBUG	getModTime: Recursive scan of {972ce4c6-7e08-4474-a285-3208198ce6fd}
1488411179325	addons.xpi	DEBUG	Updating XPIState for {&amp;quot;id&amp;quot;:&amp;quot;{4ED1F68A-5463-4931-9384-8FFF5ED91D92}&amp;quot;,&amp;quot;syncGUID&amp;quot;:&amp;quot;aKjjuQ9htqES&amp;quot;,&amp;quot;location&amp;quot;:&amp;quot;winreg-app-global&amp;quot;,&amp;quot;version&amp;quot;:&amp;quot;5.0.218.0&amp;quot;,&amp;quot;type&amp;quot;:&amp;quot;extension&amp;quot;,&amp;quot;internalName&amp;quot;:null,&amp;quot;updateURL&amp;quot;:null,&amp;quot;updateKey&amp;quot;:null,&amp;quot;optionsURL&amp;quot;:null,&amp;quot;optionsType&amp;quot;:null,&amp;quot;aboutURL&amp;quot;:null,&amp;quot;iconURL&amp;quot;:&amp;quot;chrome://saff/content/siteadvisor.gif&amp;quot;,&amp;quot;icon64URL&amp;quot;:null,&amp;quot;defaultLocale&amp;quot;:{&amp;quot;name&amp;quot;:&amp;quot;McAfee WebAdvisor&amp;quot;,&amp;quot;description&amp;quot;:null,&amp;quot;creator&amp;quot;:&amp;quot;McAfee Inc.&amp;quot;,&amp;quot;homepageURL&amp;quot;:&amp;quot;http://www.siteadvisor.com/&amp;quot;},&amp;quot;visible&amp;quot;:true,&amp;quot;active&amp;quot;:false,&amp;quot;userDisabled&amp;quot;:true,&amp;quot;appDisabled&amp;quot;:false,&amp;quot;descriptor&amp;quot;:&amp;quot;C:\\Program Files\\McAfee\\SiteAdvisor\\saffplg.xpi&amp;quot;,&amp;quot;installDate&amp;quot;:1464128490000,&amp;quot;updateDate&amp;quot;:1464128490000,&amp;quot;applyBackgroundUpdates&amp;quot;:1,&amp;quot;bootstrap&amp;quot;:false,&amp;quot;size&amp;quot;:296824,&amp;quot;sourceURI&amp;quot;:null,&amp;quot;releaseNotesURI&amp;quot;:null,&amp;quot;softDisabled&amp;quot;:false,&amp;quot;foreignInstall&amp;quot;:true,&amp;quot;hasBinaryComponents&amp;quot;:false,&amp;quot;strictCompatibility&amp;quot;:false,&amp;quot;locales&amp;quot;:[],&amp;quot;targetApplications&amp;quot;:[{&amp;quot;id&amp;quot;:&amp;quot;{ec8030f7-c20a-464f-9b0e-13a3a9e97384}&amp;quot;,&amp;quot;minVersion&amp;quot;:&amp;quot;26.0&amp;quot;,&amp;quot;maxVersion&amp;quot;:&amp;quot;44.*&amp;quot;}],&amp;quot;targetPlatforms&amp;quot;:[],&amp;quot;multiprocessCompatible&amp;quot;:false,&amp;quot;signedState&amp;quot;:2}
1488411179326	DeferredSave.extensions.json	DEBUG	Save changes
1488411179326	addons.xpi	DEBUG	Updating database with changes to installed add-ons
1488411179326	addons.xpi-utils	DEBUG	Updating add-on states
1488411179327	addons.xpi-utils	DEBUG	Writing add-ons list
1488411179341	addons.manager	DEBUG	Registering shutdown blocker for XPIProvider
1488411179341	addons.manager	DEBUG	Provider finished startup: XPIProvider
1488411179341	addons.manager	DEBUG	Starting provider: LightweightThemeManager
1488411179341	addons.manager	DEBUG	Registering shutdown blocker for LightweightThemeManager
1488411179342	addons.manager	DEBUG	Provider finished startup: LightweightThemeManager
1488411179342	addons.manager	DEBUG	Starting provider: GMPProvider
1488411179353	addons.manager	DEBUG	Registering shutdown blocker for GMPProvider
1488411179353	addons.manager	DEBUG	Provider finished startup: GMPProvider
1488411179353	addons.manager	DEBUG	Starting provider: PluginProvider
1488411179353	addons.manager	DEBUG	Registering shutdown blocker for PluginProvider
1488411179354	addons.manager	DEBUG	Provider finished startup: PluginProvider
1488411179354	addons.manager	DEBUG	Completed startup sequence
1488411180118	addons.manager	DEBUG	Starting provider: &amp;lt;unnamed-provider&amp;gt;
1488411180118	addons.manager	DEBUG	Registering shutdown blocker for &amp;lt;unnamed-provider&amp;gt;
1488411180118	addons.manager	DEBUG	Provider finished startup: &amp;lt;unnamed-provider&amp;gt;
1488411180424	DeferredSave.extensions.json	DEBUG	Starting write
1488411181190	addons.repository	DEBUG	No addons.json found.
1488411181191	DeferredSave.addons.json	DEBUG	Save changes
1488411181193	DeferredSave.addons.json	DEBUG	Starting timer
1488411181209	addons.manager	DEBUG	Starting provider: PreviousExperimentProvider
1488411181209	addons.manager	DEBUG	Registering shutdown blocker for PreviousExperimentProvider
1488411181210	addons.manager	DEBUG	Provider finished startup: PreviousExperimentProvider
1488411181211	DeferredSave.extensions.json	DEBUG	Write succeeded
1488411181212	addons.xpi-utils	DEBUG	XPI Database saved, setting schema version preference to 17
1488411181540	DeferredSave.addons.json	DEBUG	Starting write
1488411182109	DeferredSave.addons.json	DEBUG	Write succeeded

Command duration or timeout: 48.59 seconds
Build info: version: &amp;apos;2.53.1&amp;apos;, revision: &amp;apos;a36b8b1cd5757287168e54b817830adce9b0158d&amp;apos;, time: &amp;apos;2016-06-30 19:26:09&amp;apos;
System info: host: &amp;apos;lenovo&amp;apos;, ip: &amp;apos;192.168.32.1&amp;apos;, os.name: &amp;apos;Windows 7&amp;apos;, os.arch: &amp;apos;x86&amp;apos;, os.version: &amp;apos;6.1&amp;apos;, java.version: &amp;apos;1.8.0_121&amp;apos;
Driver info: org.openqa.selenium.remote.RemoteWebDriver">
      <![CDATA[org.openqa.selenium.WebDriverException: Unable to connect to host 127.0.0.1 on port 7055 after 45000 ms. Firefox console output:
.","creator":"Mozilla","homepageURL":null,"contributors":["Mozilla Contributors"]},"visible":true,"active":true,"userDisabled":false,"appDisabled":false,"descriptor":"C:\\Program Files\\Mozilla Firefox\\browser\\extensions\\{972ce4c6-7e08-4474-a285-3208198ce6fd}","installDate":1488408725187,"updateDate":1488408725187,"applyBackgroundUpdates":1,"skinnable":true,"size":24166,"sourceURI":null,"releaseNotesURI":null,"softDisabled":false,"foreignInstall":false,"hasBinaryComponents":false,"strictCompatibility":true,"locales":[],"targetApplications":[{"id":"{ec8030f7-c20a-464f-9b0e-13a3a9e97384}","minVersion":"43.0","maxVersion":"43.0"}],"targetPlatforms":[]}
1488411179324	addons.xpi	DEBUG	getModTime: Recursive scan of {972ce4c6-7e08-4474-a285-3208198ce6fd}
1488411179325	addons.xpi	DEBUG	Updating XPIState for {"id":"{4ED1F68A-5463-4931-9384-8FFF5ED91D92}","syncGUID":"aKjjuQ9htqES","location":"winreg-app-global","version":"5.0.218.0","type":"extension","internalName":null,"updateURL":null,"updateKey":null,"optionsURL":null,"optionsType":null,"aboutURL":null,"iconURL":"chrome://saff/content/siteadvisor.gif","icon64URL":null,"defaultLocale":{"name":"McAfee WebAdvisor","description":null,"creator":"McAfee Inc.","homepageURL":"http://www.siteadvisor.com/"},"visible":true,"active":false,"userDisabled":true,"appDisabled":false,"descriptor":"C:\\Program Files\\McAfee\\SiteAdvisor\\saffplg.xpi","installDate":1464128490000,"updateDate":1464128490000,"applyBackgroundUpdates":1,"bootstrap":false,"size":296824,"sourceURI":null,"releaseNotesURI":null,"softDisabled":false,"foreignInstall":true,"hasBinaryComponents":false,"strictCompatibility":false,"locales":[],"targetApplications":[{"id":"{ec8030f7-c20a-464f-9b0e-13a3a9e97384}","minVersion":"26.0","maxVersion":"44.*"}],"targetPlatforms":[],"multiprocessCompatible":false,"signedState":2}
1488411179326	DeferredSave.extensions.json	DEBUG	Save changes
1488411179326	addons.xpi	DEBUG	Updating database with changes to installed add-ons
1488411179326	addons.xpi-utils	DEBUG	Updating add-on states
1488411179327	addons.xpi-utils	DEBUG	Writing add-ons list
1488411179341	addons.manager	DEBUG	Registering shutdown blocker for XPIProvider
1488411179341	addons.manager	DEBUG	Provider finished startup: XPIProvider
1488411179341	addons.manager	DEBUG	Starting provider: LightweightThemeManager
1488411179341	addons.manager	DEBUG	Registering shutdown blocker for LightweightThemeManager
1488411179342	addons.manager	DEBUG	Provider finished startup: LightweightThemeManager
1488411179342	addons.manager	DEBUG	Starting provider: GMPProvider
1488411179353	addons.manager	DEBUG	Registering shutdown blocker for GMPProvider
1488411179353	addons.manager	DEBUG	Provider finished startup: GMPProvider
1488411179353	addons.manager	DEBUG	Starting provider: PluginProvider
1488411179353	addons.manager	DEBUG	Registering shutdown blocker for PluginProvider
1488411179354	addons.manager	DEBUG	Provider finished startup: PluginProvider
1488411179354	addons.manager	DEBUG	Completed startup sequence
1488411180118	addons.manager	DEBUG	Starting provider: <unnamed-provider>
1488411180118	addons.manager	DEBUG	Registering shutdown blocker for <unnamed-provider>
1488411180118	addons.manager	DEBUG	Provider finished startup: <unnamed-provider>
1488411180424	DeferredSave.extensions.json	DEBUG	Starting write
1488411181190	addons.repository	DEBUG	No addons.json found.
1488411181191	DeferredSave.addons.json	DEBUG	Save changes
1488411181193	DeferredSave.addons.json	DEBUG	Starting timer
1488411181209	addons.manager	DEBUG	Starting provider: PreviousExperimentProvider
1488411181209	addons.manager	DEBUG	Registering shutdown blocker for PreviousExperimentProvider
1488411181210	addons.manager	DEBUG	Provider finished startup: PreviousExperimentProvider
1488411181211	DeferredSave.extensions.json	DEBUG	Write succeeded
1488411181212	addons.xpi-utils	DEBUG	XPI Database saved, setting schema version preference to 17
1488411181540	DeferredSave.addons.json	DEBUG	Starting write
1488411182109	DeferredSave.addons.json	DEBUG	Write succeeded

Command duration or timeout: 48.59 seconds
Build info: version: '2.53.1', revision: 'a36b8b1cd5757287168e54b817830adce9b0158d', time: '2016-06-30 19:26:09'
System info: host: 'lenovo', ip: '192.168.32.1', os.name: 'Windows 7', os.arch: 'x86', os.version: '6.1', java.version: '1.8.0_121'
Driver info: org.openqa.selenium.remote.RemoteWebDriver
	at sun.reflect.NativeConstructorAccessorImpl.newInstance0(Native Method)
	at sun.reflect.NativeConstructorAccessorImpl.newInstance(Unknown Source)
	at sun.reflect.DelegatingConstructorAccessorImpl.newInstance(Unknown Source)
	at java.lang.reflect.Constructor.newInstance(Unknown Source)
	at org.openqa.selenium.remote.ErrorHandler.createThrowable(ErrorHandler.java:206)
	at org.openqa.selenium.remote.ErrorHandler.throwIfResponseFailed(ErrorHandler.java:158)
	at org.openqa.selenium.remote.RemoteWebDriver.execute(RemoteWebDriver.java:678)
	at org.openqa.selenium.remote.RemoteWebDriver.startSession(RemoteWebDriver.java:249)
	at org.openqa.selenium.remote.RemoteWebDriver.<init>(RemoteWebDriver.java:131)
	at org.openqa.selenium.remote.RemoteWebDriver.<init>(RemoteWebDriver.java:158)
	at mq.TestProject.AppTest.m1(AppTest.java:21)
	at sun.reflect.NativeMethodAccessorImpl.invoke0(Native Method)
	at sun.reflect.NativeMethodAccessorImpl.invoke(Unknown Source)
	at sun.reflect.DelegatingMethodAccessorImpl.invoke(Unknown Source)
	at java.lang.reflect.Method.invoke(Unknown Source)
	at org.testng.internal.MethodInvocationHelper.invokeMethod(MethodInvocationHelper.java:104)
	at org.testng.internal.Invoker.invokeMethod(Invoker.java:645)
	at org.testng.internal.Invoker.invokeTestMethod(Invoker.java:851)
	at org.testng.internal.Invoker.invokeTestMethods(Invoker.java:1177)
	at org.testng.internal.TestMethodWorker.invokeTestMethods(TestMethodWorker.java:129)
	at org.testng.internal.TestMethodWorker.run(TestMethodWorker.java:112)
	at org.testng.TestRunner.privateRun(TestRunner.java:756)
	at org.testng.TestRunner.run(TestRunner.java:610)
	at org.testng.SuiteRunner.runTest(SuiteRunner.java:387)
	at org.testng.SuiteRunner.runSequentially(SuiteRunner.java:382)
	at org.testng.SuiteRunner.privateRun(SuiteRunner.java:340)
	at org.testng.SuiteRunner.run(SuiteRunner.java:289)
	at org.testng.SuiteRunnerWorker.runSuite(SuiteRunnerWorker.java:52)
	at org.testng.SuiteRunnerWorker.run(SuiteRunnerWorker.java:86)
	at org.testng.TestNG.runSuitesSequentially(TestNG.java:1293)
	at org.testng.TestNG.runSuitesLocally(TestNG.java:1218)
	at org.testng.TestNG.runSuites(TestNG.java:1133)
	at org.testng.TestNG.run(TestNG.java:1104)
	at org.testng.remote.AbstractRemoteTestNG.run(AbstractRemoteTestNG.java:132)
	at org.testng.remote.RemoteTestNG.initAndRun(RemoteTestNG.java:236)
	at org.testng.remote.RemoteTestNG.main(RemoteTestNG.java:81)
Caused by: org.openqa.selenium.remote.ErrorHandler$UnknownServerException: Unable to connect to host 127.0.0.1 on port 7055 after 45000 ms. Firefox console output:
.","creator":"Mozilla","homepageURL":null,"contributors":["Mozilla Contributors"]},"visible":true,"active":true,"userDisabled":false,"appDisabled":false,"descriptor":"C:\\Program Files\\Mozilla Firefox\\browser\\extensions\\{972ce4c6-7e08-4474-a285-3208198ce6fd}","installDate":1488408725187,"updateDate":1488408725187,"applyBackgroundUpdates":1,"skinnable":true,"size":24166,"sourceURI":null,"releaseNotesURI":null,"softDisabled":false,"foreignInstall":false,"hasBinaryComponents":false,"strictCompatibility":true,"locales":[],"targetApplications":[{"id":"{ec8030f7-c20a-464f-9b0e-13a3a9e97384}","minVersion":"43.0","maxVersion":"43.0"}],"targetPlatforms":[]}
1488411179324	addons.xpi	DEBUG	getModTime: Recursive scan of {972ce4c6-7e08-4474-a285-3208198ce6fd}
1488411179325	addons.xpi	DEBUG	Updating XPIState for {"id":"{4ED1F68A-5463-4931-9384-8FFF5ED91D92}","syncGUID":"aKjjuQ9htqES","location":"winreg-app-global","version":"5.0.218.0","type":"extension","internalName":null,"updateURL":null,"updateKey":null,"optionsURL":null,"optionsType":null,"aboutURL":null,"iconURL":"chrome://saff/content/siteadvisor.gif","icon64URL":null,"defaultLocale":{"name":"McAfee WebAdvisor","description":null,"creator":"McAfee Inc.","homepageURL":"http://www.siteadvisor.com/"},"visible":true,"active":false,"userDisabled":true,"appDisabled":false,"descriptor":"C:\\Program Files\\McAfee\\SiteAdvisor\\saffplg.xpi","installDate":1464128490000,"updateDate":1464128490000,"applyBackgroundUpdates":1,"bootstrap":false,"size":296824,"sourceURI":null,"releaseNotesURI":null,"softDisabled":false,"foreignInstall":true,"hasBinaryComponents":false,"strictCompatibility":false,"locales":[],"targetApplications":[{"id":"{ec8030f7-c20a-464f-9b0e-13a3a9e97384}","minVersion":"26.0","maxVersion":"44.*"}],"targetPlatforms":[],"multiprocessCompatible":false,"signedState":2}
1488411179326	DeferredSave.extensions.json	DEBUG	Save changes
1488411179326	addons.xpi	DEBUG	Updating database with changes to installed add-ons
1488411179326	addons.xpi-utils	DEBUG	Updating add-on states
1488411179327	addons.xpi-utils	DEBUG	Writing add-ons list
1488411179341	addons.manager	DEBUG	Registering shutdown blocker for XPIProvider
1488411179341	addons.manager	DEBUG	Provider finished startup: XPIProvider
1488411179341	addons.manager	DEBUG	Starting provider: LightweightThemeManager
1488411179341	addons.manager	DEBUG	Registering shutdown blocker for LightweightThemeManager
1488411179342	addons.manager	DEBUG	Provider finished startup: LightweightThemeManager
1488411179342	addons.manager	DEBUG	Starting provider: GMPProvider
1488411179353	addons.manager	DEBUG	Registering shutdown blocker for GMPProvider
1488411179353	addons.manager	DEBUG	Provider finished startup: GMPProvider
1488411179353	addons.manager	DEBUG	Starting provider: PluginProvider
1488411179353	addons.manager	DEBUG	Registering shutdown blocker for PluginProvider
1488411179354	addons.manager	DEBUG	Provider finished startup: PluginProvider
1488411179354	addons.manager	DEBUG	Completed startup sequence
1488411180118	addons.manager	DEBUG	Starting provider: <unnamed-provider>
1488411180118	addons.manager	DEBUG	Registering shutdown blocker for <unnamed-provider>
1488411180118	addons.manager	DEBUG	Provider finished startup: <unnamed-provider>
1488411180424	DeferredSave.extensions.json	DEBUG	Starting write
1488411181190	addons.repository	DEBUG	No addons.json found.
1488411181191	DeferredSave.addons.json	DEBUG	Save changes
1488411181193	DeferredSave.addons.json	DEBUG	Starting timer
1488411181209	addons.manager	DEBUG	Starting provider: PreviousExperimentProvider
1488411181209	addons.manager	DEBUG	Registering shutdown blocker for PreviousExperimentProvider
1488411181210	addons.manager	DEBUG	Provider finished startup: PreviousExperimentProvider
1488411181211	DeferredSave.extensions.json	DEBUG	Write succeeded
1488411181212	addons.xpi-utils	DEBUG	XPI Database saved, setting schema version preference to 17
1488411181540	DeferredSave.addons.json	DEBUG	Starting write
1488411182109	DeferredSave.addons.json	DEBUG	Write succeeded

Build info: version: '2.53.1', revision: 'a36b8b1cd5757287168e54b817830adce9b0158d', time: '2016-06-30 19:26:09'
System info: host: 'lenovo', ip: '192.168.32.1', os.name: 'Windows 7', os.arch: 'x86', os.version: '6.1', java.version: '1.8.0_121'
Driver info: driver.version: FirefoxDriver
	at org.openqa.selenium.firefox.internal.NewProfileExtensionConnection.start(NewProfileExtensionConnection.java:122)
	at org.openqa.selenium.firefox.FirefoxDriver.startClient(FirefoxDriver.java:276)
	at org.openqa.selenium.remote.RemoteWebDriver.<init>(RemoteWebDriver.java:116)
	at org.openqa.selenium.firefox.FirefoxDriver.<init>(FirefoxDriver.java:223)
	at org.openqa.selenium.firefox.FirefoxDriver.<init>(FirefoxDriver.java:216)
	at org.openqa.selenium.firefox.FirefoxDriver.<init>(FirefoxDriver.java:134)
	at sun.reflect.NativeConstructorAccessorImpl.newInstance0(Native Method)
	at sun.reflect.NativeConstructorAccessorImpl.newInstance(Unknown Source)
	at sun.reflect.DelegatingConstructorAccessorImpl.newInstance(Unknown Source)
	at java.lang.reflect.Constructor.newInstance(Unknown Source)
	at org.openqa.selenium.remote.server.DefaultDriverProvider.callConstructor(DefaultDriverProvider.java:103)
	at org.openqa.selenium.remote.server.DefaultDriverProvider.newInstance(DefaultDriverProvider.java:97)
	at org.openqa.selenium.remote.server.DefaultDriverFactory.newInstance(DefaultDriverFactory.java:60)
	at org.openqa.selenium.remote.server.DefaultSession$BrowserCreator.call(DefaultSession.java:222)
	at org.openqa.selenium.remote.server.DefaultSession$BrowserCreator.call(DefaultSession.java:1)
	at java.util.concurrent.FutureTask.run(Unknown Source)
	at org.openqa.selenium.remote.server.DefaultSession$1.run(DefaultSession.java:176)
	at java.util.concurrent.ThreadPoolExecutor.runWorker(Unknown Source)
	at java.util.concurrent.ThreadPoolExecutor$Worker.run(Unknown Source)
	at java.lang.Thread.run(Unknown Source)
]]>
    </failure>
  </testcase> <!-- m1 -->
</testsuite> <!-- Default test -->
