<?xml version="1.0" encoding="UTF-8"?>
<testng-results skipped="0" failed="0" ignored="0" total="1" passed="1">
  <reporter-output>
  </reporter-output>
  <suite name="Default suite" duration-ms="21319" started-at="2017-03-01T22:52:21Z" finished-at="2017-03-01T22:52:42Z">
    <groups>
    </groups>
    <test name="Default test" duration-ms="21319" started-at="2017-03-01T22:52:21Z" finished-at="2017-03-01T22:52:42Z">
      <class name="mq.TestProject.AppTest">
        <test-method status="PASS" signature="m1()[pri:0, instance:mq.TestProject.AppTest@17e2f02]" name="m1" duration-ms="21249" started-at="2017-03-01T17:52:21Z" finished-at="2017-03-01T17:52:42Z">
          <reporter-output>
          </reporter-output>
        </test-method> <!-- m1 -->
      </class> <!-- mq.TestProject.AppTest -->
    </test> <!-- Default test -->
  </suite> <!-- Default suite -->
</testng-results>
